<?xml version="1.0" encoding="UTF-8"?>
<!-- Generated by org.testng.reporters.JUnitReportReporter -->
<testsuite skipped="0" hostname="DESKTOP-VVUHMS0" name="TestPom.WishListCreditCard" tests="1" failures="0" timestamp="2020-02-06T10:35:58 IST" time="113.146" errors="0">
  <testcase name="validLogin" time="113.146" classname="TestPom.WishListCreditCard"/>
</testsuite> <!-- TestPom.WishListCreditCard -->
