<?xml version="1.0" encoding="UTF-8"?>
<!-- Generated by org.testng.reporters.JUnitReportReporter -->
<testsuite skipped="0" hostname="DESKTOP-VVUHMS0" name="TestPom.OrderByFilters" tests="1" failures="0" timestamp="2020-02-06T18:21:56 IST" time="98.333" errors="0">
  <testcase name="OrderByFilters" time="98.333" classname="TestPom.OrderByFilters"/>
</testsuite> <!-- TestPom.OrderByFilters -->
