<?xml version="1.0" encoding="UTF-8"?>
<!-- Generated by org.testng.reporters.JUnitReportReporter -->
<testsuite skipped="0" hostname="DESKTOP-VVUHMS0" name="TestPom.GiftCard" tests="1" failures="0" timestamp="2020-02-06T11:26:02 IST" time="108.966" errors="0">
  <testcase name="validLogin" time="108.966" classname="TestPom.GiftCard"/>
</testsuite> <!-- TestPom.GiftCard -->
